fe/android/app/build/intermediates/manifest_merge_blame_file/debug/processDebugMainManifest/manifest-merger-blame-debug-report.txt
1<?xml version="1.0" encoding="utf-8"?>
2<manifest xmlns:android="http://schemas.android.com/apk/res/android"
3    package="com.uit.timnha"
4    android:versionCode="1"
5    android:versionName="1.0" >
6
7    <uses-sdk
8        android:minSdkVersion="24"
9        android:targetSdkVersion="36" />
10    <!-- 1. Thêm các quyền truy cập vị trí và mạng -->
11    <uses-permission android:name="android.permission.INTERNET" />
11-->src/main/AndroidManifest.xml:4:5-67
11-->src/main/AndroidManifest.xml:4:22-64
12    <uses-permission android:name="android.permission.ACCESS_COARSE_LOCATION" />
12-->src/main/AndroidManifest.xml:5:5-81
12-->src/main/AndroidManifest.xml:5:22-78
13    <uses-permission android:name="android.permission.ACCESS_FINE_LOCATION" />
13-->src/main/AndroidManifest.xml:6:5-79
13-->src/main/AndroidManifest.xml:6:22-76
14    <uses-permission android:name="android.permission.ACCESS_NETWORK_STATE" />
14-->src/main/AndroidManifest.xml:7:5-79
14-->src/main/AndroidManifest.xml:7:22-76
15
16    <!-- 2. Quyền chạy nền quan trọng -->
17    <uses-permission android:name="android.permission.FOREGROUND_SERVICE" />
17-->src/main/AndroidManifest.xml:10:5-77
17-->src/main/AndroidManifest.xml:10:22-74
18    <uses-permission android:name="android.permission.ACCESS_BACKGROUND_LOCATION" />
18-->src/main/AndroidManifest.xml:11:5-13:5
18-->src/main/AndroidManifest.xml:12:5-65
19    <uses-permission android:name="android.permission.WAKE_LOCK" />
19-->src/main/AndroidManifest.xml:14:5-68
19-->src/main/AndroidManifest.xml:14:22-65
20    <!--
21    Android SDK 34+ additionally requires the FOREGROUND_SERVICE_LOCATION
22    runtime permission to start a foreground service of type "location".
23    -->
24    <uses-permission android:name="android.permission.FOREGROUND_SERVICE_LOCATION" />
24-->[:capacitor-community-background-geolocation] AndroidManifest.xml:14:5-86
24-->[:capacitor-community-background-geolocation] AndroidManifest.xml:14:22-83
25    <!--
26    Android SDK 33+ requires the POST_NOTIFICATIONS runtime permission to
27    display the foreground service notification.
28    -->
29    <uses-permission android:name="android.permission.POST_NOTIFICATIONS" />
29-->[:capacitor-community-background-geolocation] AndroidManifest.xml:19:5-77
29-->[:capacitor-community-background-geolocation] AndroidManifest.xml:19:22-74
30
31    <uses-feature android:name="android.hardware.location.gps" /> <!-- Required by older versions of Google Play services to create IID tokens -->
31-->[:capacitor-community-background-geolocation] AndroidManifest.xml:21:5-66
31-->[:capacitor-community-background-geolocation] AndroidManifest.xml:21:19-63
32    <uses-permission android:name="com.google.android.c2dm.permission.RECEIVE" />
32-->[com.google.firebase:firebase-messaging:25.0.1] AndroidManifest.xml:26:5-82
32-->[com.google.firebase:firebase-messaging:25.0.1] AndroidManifest.xml:26:22-79
33
34    <permission
34-->[androidx.core:core:1.17.0] AndroidManifest.xml:22:5-24:47
35        android:name="com.uit.timnha.DYNAMIC_RECEIVER_NOT_EXPORTED_PERMISSION"
35-->[androidx.core:core:1.17.0] AndroidManifest.xml:23:9-81
36        android:protectionLevel="signature" />
36-->[androidx.core:core:1.17.0] AndroidManifest.xml:24:9-44
37
38    <uses-permission android:name="com.uit.timnha.DYNAMIC_RECEIVER_NOT_EXPORTED_PERMISSION" />
38-->[androidx.core:core:1.17.0] AndroidManifest.xml:26:5-97
38-->[androidx.core:core:1.17.0] AndroidManifest.xml:26:22-94
39
40    <application
40-->src/main/AndroidManifest.xml:16:5-58:19
41        android:allowBackup="true"
41-->src/main/AndroidManifest.xml:17:5-31
42        android:appComponentFactory="androidx.core.app.CoreComponentFactory"
42-->[androidx.core:core:1.17.0] AndroidManifest.xml:28:18-86
43        android:debuggable="true"
44        android:extractNativeLibs="false"
45        android:icon="@mipmap/ic_launcher"
45-->src/main/AndroidManifest.xml:18:5-39
46        android:label="@string/app_name"
46-->src/main/AndroidManifest.xml:19:5-37
47        android:roundIcon="@mipmap/ic_launcher_round"
47-->src/main/AndroidManifest.xml:20:5-50
48        android:supportsRtl="true"
48-->src/main/AndroidManifest.xml:21:5-31
49        android:testOnly="true"
50        android:theme="@style/AppTheme" >
50-->src/main/AndroidManifest.xml:22:5-36
51        <activity
51-->src/main/AndroidManifest.xml:24:9-36:20
52            android:name="com.uit.timnha.MainActivity"
52-->src/main/AndroidManifest.xml:26:7-35
53            android:configChanges="orientation|keyboardHidden|keyboard|screenSize|locale|smallestScreenSize|screenLayout|uiMode"
53-->src/main/AndroidManifest.xml:25:7-123
54            android:exported="true"
54-->src/main/AndroidManifest.xml:30:7-30
55            android:label="@string/title_activity_main"
55-->src/main/AndroidManifest.xml:27:7-50
56            android:launchMode="singleTask"
56-->src/main/AndroidManifest.xml:29:7-38
57            android:theme="@style/AppTheme.NoActionBarLaunch" >
57-->src/main/AndroidManifest.xml:28:7-56
58            <intent-filter>
58-->src/main/AndroidManifest.xml:32:13-35:29
59                <action android:name="android.intent.action.MAIN" />
59-->src/main/AndroidManifest.xml:33:17-69
59-->src/main/AndroidManifest.xml:33:25-66
60
61                <category android:name="android.intent.category.LAUNCHER" />
61-->src/main/AndroidManifest.xml:34:17-77
61-->src/main/AndroidManifest.xml:34:27-74
62            </intent-filter>
63        </activity>
64
65        <provider
66            android:name="androidx.core.content.FileProvider"
66-->src/main/AndroidManifest.xml:39:7-56
67            android:authorities="com.uit.timnha.fileprovider"
67-->src/main/AndroidManifest.xml:40:7-58
68            android:exported="false"
68-->src/main/AndroidManifest.xml:41:7-31
69            android:grantUriPermissions="true" >
69-->src/main/AndroidManifest.xml:42:7-41
70            <meta-data
70-->src/main/AndroidManifest.xml:44:13-47:9
71                android:name="android.support.FILE_PROVIDER_PATHS"
71-->src/main/AndroidManifest.xml:45:9-59
72                android:resource="@xml/file_paths" />
72-->src/main/AndroidManifest.xml:46:9-43
73        </provider>
74
75        <!-- 3. Thêm Service chạy nền của Plugin tại đây -->
76        <service
76-->src/main/AndroidManifest.xml:51:9-56:7
77            android:name="com.equimaps.capacitor_background_geolocation.BackgroundGeolocationService"
77-->src/main/AndroidManifest.xml:52:7-96
78            android:enabled="true"
78-->src/main/AndroidManifest.xml:53:7-29
79            android:exported="true"
79-->src/main/AndroidManifest.xml:54:7-30
80            android:foregroundServiceType="location|location" />
80-->src/main/AndroidManifest.xml:55:7-47
81        <service
81-->[:capacitor-firebase-messaging] AndroidManifest.xml:10:9-16:19
82            android:name="io.capawesome.capacitorjs.plugins.firebase.messaging.MessagingService"
82-->[:capacitor-firebase-messaging] AndroidManifest.xml:11:13-97
83            android:exported="false" >
83-->[:capacitor-firebase-messaging] AndroidManifest.xml:12:13-37
84            <intent-filter>
84-->[:capacitor-firebase-messaging] AndroidManifest.xml:13:13-15:29
85                <action android:name="com.google.firebase.MESSAGING_EVENT" />
85-->[:capacitor-firebase-messaging] AndroidManifest.xml:14:17-78
85-->[:capacitor-firebase-messaging] AndroidManifest.xml:14:25-75
86            </intent-filter>
87        </service>
88
89        <receiver
89-->[com.google.firebase:firebase-messaging:25.0.1] AndroidManifest.xml:29:9-40:20
90            android:name="com.google.firebase.iid.FirebaseInstanceIdReceiver"
90-->[com.google.firebase:firebase-messaging:25.0.1] AndroidManifest.xml:30:13-78
91            android:exported="true"
91-->[com.google.firebase:firebase-messaging:25.0.1] AndroidManifest.xml:31:13-36
92            android:permission="com.google.android.c2dm.permission.SEND" >
92-->[com.google.firebase:firebase-messaging:25.0.1] AndroidManifest.xml:32:13-73
93            <intent-filter>
93-->[com.google.firebase:firebase-messaging:25.0.1] AndroidManifest.xml:33:13-35:29
94                <action android:name="com.google.android.c2dm.intent.RECEIVE" />
94-->[com.google.firebase:firebase-messaging:25.0.1] AndroidManifest.xml:34:17-81
94-->[com.google.firebase:firebase-messaging:25.0.1] AndroidManifest.xml:34:25-78
95            </intent-filter>
96
97            <meta-data
97-->[com.google.firebase:firebase-messaging:25.0.1] AndroidManifest.xml:37:13-39:40
98                android:name="com.google.android.gms.cloudmessaging.FINISHED_AFTER_HANDLED"
98-->[com.google.firebase:firebase-messaging:25.0.1] AndroidManifest.xml:38:17-92
99                android:value="true" />
99-->[com.google.firebase:firebase-messaging:25.0.1] AndroidManifest.xml:39:17-37
100        </receiver>
101        <!--
102             FirebaseMessagingService performs security checks at runtime,
103             but set to not exported to explicitly avoid allowing another app to call it.
104        -->
105        <service
105-->[com.google.firebase:firebase-messaging:25.0.1] AndroidManifest.xml:46:9-53:19
106            android:name="com.google.firebase.messaging.FirebaseMessagingService"
106-->[com.google.firebase:firebase-messaging:25.0.1] AndroidManifest.xml:47:13-82
107            android:directBootAware="true"
107-->[com.google.firebase:firebase-messaging:25.0.1] AndroidManifest.xml:48:13-43
108            android:exported="false" >
108-->[com.google.firebase:firebase-messaging:25.0.1] AndroidManifest.xml:49:13-37
109            <intent-filter android:priority="-500" >
109-->[:capacitor-firebase-messaging] AndroidManifest.xml:13:13-15:29
110                <action android:name="com.google.firebase.MESSAGING_EVENT" />
110-->[:capacitor-firebase-messaging] AndroidManifest.xml:14:17-78
110-->[:capacitor-firebase-messaging] AndroidManifest.xml:14:25-75
111            </intent-filter>
112        </service>
113        <service
113-->[com.google.firebase:firebase-messaging:25.0.1] AndroidManifest.xml:54:9-63:19
114            android:name="com.google.firebase.components.ComponentDiscoveryService"
114-->[com.google.firebase:firebase-messaging:25.0.1] AndroidManifest.xml:55:13-84
115            android:directBootAware="true"
115-->[com.google.firebase:firebase-common:22.0.1] AndroidManifest.xml:32:13-43
116            android:exported="false" >
116-->[com.google.firebase:firebase-messaging:25.0.1] AndroidManifest.xml:56:13-37
117            <meta-data
117-->[com.google.firebase:firebase-messaging:25.0.1] AndroidManifest.xml:57:13-59:85
118                android:name="com.google.firebase.components:com.google.firebase.messaging.FirebaseMessagingKtxRegistrar"
118-->[com.google.firebase:firebase-messaging:25.0.1] AndroidManifest.xml:58:17-122
119                android:value="com.google.firebase.components.ComponentRegistrar" />
119-->[com.google.firebase:firebase-messaging:25.0.1] AndroidManifest.xml:59:17-82
120            <meta-data
120-->[com.google.firebase:firebase-messaging:25.0.1] AndroidManifest.xml:60:13-62:85
121                android:name="com.google.firebase.components:com.google.firebase.messaging.FirebaseMessagingRegistrar"
121-->[com.google.firebase:firebase-messaging:25.0.1] AndroidManifest.xml:61:17-119
122                android:value="com.google.firebase.components.ComponentRegistrar" />
122-->[com.google.firebase:firebase-messaging:25.0.1] AndroidManifest.xml:62:17-82
123            <meta-data
123-->[com.google.firebase:firebase-installations:18.0.0] AndroidManifest.xml:15:13-17:85
124                android:name="com.google.firebase.components:com.google.firebase.installations.FirebaseInstallationsKtxRegistrar"
124-->[com.google.firebase:firebase-installations:18.0.0] AndroidManifest.xml:16:17-130
125                android:value="com.google.firebase.components.ComponentRegistrar" />
125-->[com.google.firebase:firebase-installations:18.0.0] AndroidManifest.xml:17:17-82
126            <meta-data
126-->[com.google.firebase:firebase-installations:18.0.0] AndroidManifest.xml:18:13-20:85
127                android:name="com.google.firebase.components:com.google.firebase.installations.FirebaseInstallationsRegistrar"
127-->[com.google.firebase:firebase-installations:18.0.0] AndroidManifest.xml:19:17-127
128                android:value="com.google.firebase.components.ComponentRegistrar" />
128-->[com.google.firebase:firebase-installations:18.0.0] AndroidManifest.xml:20:17-82
129            <meta-data
129-->[com.google.firebase:firebase-common:22.0.1] AndroidManifest.xml:35:13-37:85
130                android:name="com.google.firebase.components:com.google.firebase.FirebaseCommonKtxRegistrar"
130-->[com.google.firebase:firebase-common:22.0.1] AndroidManifest.xml:36:17-109
131                android:value="com.google.firebase.components.ComponentRegistrar" />
131-->[com.google.firebase:firebase-common:22.0.1] AndroidManifest.xml:37:17-82
132            <meta-data
132-->[com.google.firebase:firebase-datatransport:18.2.0] AndroidManifest.xml:25:13-27:85
133                android:name="com.google.firebase.components:com.google.firebase.datatransport.TransportRegistrar"
133-->[com.google.firebase:firebase-datatransport:18.2.0] AndroidManifest.xml:26:17-115
134                android:value="com.google.firebase.components.ComponentRegistrar" />
134-->[com.google.firebase:firebase-datatransport:18.2.0] AndroidManifest.xml:27:17-82
135        </service>
136
137        <activity
137-->[com.google.android.gms:play-services-base:18.1.0] AndroidManifest.xml:20:9-22:45
138            android:name="com.google.android.gms.common.api.GoogleApiActivity"
138-->[com.google.android.gms:play-services-base:18.1.0] AndroidManifest.xml:20:19-85
139            android:exported="false"
139-->[com.google.android.gms:play-services-base:18.1.0] AndroidManifest.xml:22:19-43
140            android:theme="@android:style/Theme.Translucent.NoTitleBar" />
140-->[com.google.android.gms:play-services-base:18.1.0] AndroidManifest.xml:21:19-78
141
142        <provider
142-->[com.google.firebase:firebase-common:22.0.1] AndroidManifest.xml:23:9-28:39
143            android:name="com.google.firebase.provider.FirebaseInitProvider"
143-->[com.google.firebase:firebase-common:22.0.1] AndroidManifest.xml:24:13-77
144            android:authorities="com.uit.timnha.firebaseinitprovider"
144-->[com.google.firebase:firebase-common:22.0.1] AndroidManifest.xml:25:13-72
145            android:directBootAware="true"
145-->[com.google.firebase:firebase-common:22.0.1] AndroidManifest.xml:26:13-43
146            android:exported="false"
146-->[com.google.firebase:firebase-common:22.0.1] AndroidManifest.xml:27:13-37
147            android:initOrder="100" />
147-->[com.google.firebase:firebase-common:22.0.1] AndroidManifest.xml:28:13-36
148        <provider
148-->[androidx.emoji2:emoji2:1.3.0] AndroidManifest.xml:24:9-32:20
149            android:name="androidx.startup.InitializationProvider"
149-->[androidx.emoji2:emoji2:1.3.0] AndroidManifest.xml:25:13-67
150            android:authorities="com.uit.timnha.androidx-startup"
150-->[androidx.emoji2:emoji2:1.3.0] AndroidManifest.xml:26:13-68
151            android:exported="false" >
151-->[androidx.emoji2:emoji2:1.3.0] AndroidManifest.xml:27:13-37
152            <meta-data
152-->[androidx.emoji2:emoji2:1.3.0] AndroidManifest.xml:29:13-31:52
153                android:name="androidx.emoji2.text.EmojiCompatInitializer"
153-->[androidx.emoji2:emoji2:1.3.0] AndroidManifest.xml:30:17-75
154                android:value="androidx.startup" />
154-->[androidx.emoji2:emoji2:1.3.0] AndroidManifest.xml:31:17-49
155            <meta-data
155-->[androidx.lifecycle:lifecycle-process:2.6.2] AndroidManifest.xml:29:13-31:52
156                android:name="androidx.lifecycle.ProcessLifecycleInitializer"
156-->[androidx.lifecycle:lifecycle-process:2.6.2] AndroidManifest.xml:30:17-78
157                android:value="androidx.startup" />
157-->[androidx.lifecycle:lifecycle-process:2.6.2] AndroidManifest.xml:31:17-49
158            <meta-data
158-->[androidx.profileinstaller:profileinstaller:1.4.0] AndroidManifest.xml:29:13-31:52
159                android:name="androidx.profileinstaller.ProfileInstallerInitializer"
159-->[androidx.profileinstaller:profileinstaller:1.4.0] AndroidManifest.xml:30:17-85
160                android:value="androidx.startup" />
160-->[androidx.profileinstaller:profileinstaller:1.4.0] AndroidManifest.xml:31:17-49
161        </provider>
162
163        <meta-data
163-->[com.google.android.gms:play-services-basement:18.3.0] AndroidManifest.xml:21:9-23:69
164            android:name="com.google.android.gms.version"
164-->[com.google.android.gms:play-services-basement:18.3.0] AndroidManifest.xml:22:13-58
165            android:value="@integer/google_play_services_version" />
165-->[com.google.android.gms:play-services-basement:18.3.0] AndroidManifest.xml:23:13-66
166
167        <receiver
167-->[androidx.profileinstaller:profileinstaller:1.4.0] AndroidManifest.xml:34:9-52:20
168            android:name="androidx.profileinstaller.ProfileInstallReceiver"
168-->[androidx.profileinstaller:profileinstaller:1.4.0] AndroidManifest.xml:35:13-76
169            android:directBootAware="false"
169-->[androidx.profileinstaller:profileinstaller:1.4.0] AndroidManifest.xml:36:13-44
170            android:enabled="true"
170-->[androidx.profileinstaller:profileinstaller:1.4.0] AndroidManifest.xml:37:13-35
171            android:exported="true"
171-->[androidx.profileinstaller:profileinstaller:1.4.0] AndroidManifest.xml:38:13-36
172            android:permission="android.permission.DUMP" >
172-->[androidx.profileinstaller:profileinstaller:1.4.0] AndroidManifest.xml:39:13-57
173            <intent-filter>
173-->[androidx.profileinstaller:profileinstaller:1.4.0] AndroidManifest.xml:40:13-42:29
174                <action android:name="androidx.profileinstaller.action.INSTALL_PROFILE" />
174-->[androidx.profileinstaller:profileinstaller:1.4.0] AndroidManifest.xml:41:17-91
174-->[androidx.profileinstaller:profileinstaller:1.4.0] AndroidManifest.xml:41:25-88
175            </intent-filter>
176            <intent-filter>
176-->[androidx.profileinstaller:profileinstaller:1.4.0] AndroidManifest.xml:43:13-45:29
177                <action android:name="androidx.profileinstaller.action.SKIP_FILE" />
177-->[androidx.profileinstaller:profileinstaller:1.4.0] AndroidManifest.xml:44:17-85
177-->[androidx.profileinstaller:profileinstaller:1.4.0] AndroidManifest.xml:44:25-82
178            </intent-filter>
179            <intent-filter>
179-->[androidx.profileinstaller:profileinstaller:1.4.0] AndroidManifest.xml:46:13-48:29
180                <action android:name="androidx.profileinstaller.action.SAVE_PROFILE" />
180-->[androidx.profileinstaller:profileinstaller:1.4.0] AndroidManifest.xml:47:17-88
180-->[androidx.profileinstaller:profileinstaller:1.4.0] AndroidManifest.xml:47:25-85
181            </intent-filter>
182            <intent-filter>
182-->[androidx.profileinstaller:profileinstaller:1.4.0] AndroidManifest.xml:49:13-51:29
183                <action android:name="androidx.profileinstaller.action.BENCHMARK_OPERATION" />
183-->[androidx.profileinstaller:profileinstaller:1.4.0] AndroidManifest.xml:50:17-95
183-->[androidx.profileinstaller:profileinstaller:1.4.0] AndroidManifest.xml:50:25-92
184            </intent-filter>
185        </receiver>
186
187        <service
187-->[com.google.android.datatransport:transport-backend-cct:3.1.9] AndroidManifest.xml:28:9-34:19
188            android:name="com.google.android.datatransport.runtime.backends.TransportBackendDiscovery"
188-->[com.google.android.datatransport:transport-backend-cct:3.1.9] AndroidManifest.xml:29:13-103
189            android:exported="false" >
189-->[com.google.android.datatransport:transport-backend-cct:3.1.9] AndroidManifest.xml:30:13-37
190            <meta-data
190-->[com.google.android.datatransport:transport-backend-cct:3.1.9] AndroidManifest.xml:31:13-33:39
191                android:name="backend:com.google.android.datatransport.cct.CctBackendFactory"
191-->[com.google.android.datatransport:transport-backend-cct:3.1.9] AndroidManifest.xml:32:17-94
192                android:value="cct" />
192-->[com.google.android.datatransport:transport-backend-cct:3.1.9] AndroidManifest.xml:33:17-36
193        </service>
194        <service
194-->[com.google.android.datatransport:transport-runtime:3.1.9] AndroidManifest.xml:26:9-30:19
195            android:name="com.google.android.datatransport.runtime.scheduling.jobscheduling.JobInfoSchedulerService"
195-->[com.google.android.datatransport:transport-runtime:3.1.9] AndroidManifest.xml:27:13-117
196            android:exported="false"
196-->[com.google.android.datatransport:transport-runtime:3.1.9] AndroidManifest.xml:28:13-37
197            android:permission="android.permission.BIND_JOB_SERVICE" >
197-->[com.google.android.datatransport:transport-runtime:3.1.9] AndroidManifest.xml:29:13-69
198        </service>
199
200        <receiver
200-->[com.google.android.datatransport:transport-runtime:3.1.9] AndroidManifest.xml:32:9-34:40
201            android:name="com.google.android.datatransport.runtime.scheduling.jobscheduling.AlarmManagerSchedulerBroadcastReceiver"
201-->[com.google.android.datatransport:transport-runtime:3.1.9] AndroidManifest.xml:33:13-132
202            android:exported="false" />
202-->[com.google.android.datatransport:transport-runtime:3.1.9] AndroidManifest.xml:34:13-37
203    </application>
204
205</manifest>